<?xml version="1.0" encoding="UTF-8"?>
<!-- Generated by org.testng.reporters.JUnitReportReporter -->
<testsuite skipped="0" hostname="DESKTOP-EJAULLU" name="com.testNG.crossbrowser" tests="1" failures="0" timestamp="2022-08-03T13:34:50 IST" time="11.515" errors="0">
  <testcase name="LaunchBrowser" time="11.515" classname="com.testNG.crossbrowser"/>
  <system-out/>
</testsuite> <!-- com.testNG.crossbrowser -->
