<?xml version="1.0" encoding="UTF-8"?>
<!-- Generated by org.testng.reporters.JUnitReportReporter -->
<testsuite skipped="0" hostname="DESKTOP-EJAULLU" name="com.testNG.DepondsOnMethods" tests="4" failures="0" timestamp="2022-08-03T12:59:02 IST" time="0.023" errors="0">
  <testcase name="login" time="0.002" classname="com.testNG.DepondsOnMethods"/>
  <system-out/>
  <testcase name="getUrl" time="0.004" classname="com.testNG.DepondsOnMethods"/>
  <system-out/>
  <testcase name="logout" time="0.003" classname="com.testNG.DepondsOnMethods"/>
  <system-out/>
  <testcase name="Browser" time="0.014" classname="com.testNG.DepondsOnMethods"/>
  <system-out/>
</testsuite> <!-- com.testNG.DepondsOnMethods -->
