<?xml version="1.0" encoding="UTF-8"?>
<!-- Generated by org.testng.reporters.JUnitReportReporter -->
<testsuite skipped="0" hostname="DESKTOP-EJAULLU" name="com.testNG.DataProvider" tests="3" failures="0" timestamp="2022-07-13T15:45:51 IST" time="0.013" errors="0">
  <testcase name="Dataprovider" time="0.002" classname="com.testNG.DataProvider"/>
  <system-out/>
  <testcase name="Dataprovider" time="0.002" classname="com.testNG.DataProvider"/>
  <system-out/>
  <testcase name="Dataprovider" time="0.009" classname="com.testNG.DataProvider"/>
  <system-out/>
</testsuite> <!-- com.testNG.DataProvider -->
