<?xml version="1.0" encoding="UTF-8"?>
<!-- Generated by org.testng.reporters.JUnitReportReporter -->
<testsuite skipped="0" hostname="DESKTOP-EJAULLU" name="com.testNG.HardAssert" tests="1" failures="0" timestamp="2022-07-15T18:49:32 IST" time="3.714" errors="0">
  <testcase name="demo" time="3.714" classname="com.testNG.HardAssert"/>
  <system-out/>
</testsuite> <!-- com.testNG.HardAssert -->
