<?xml version="1.0" encoding="UTF-8"?>
<!-- Generated by org.testng.reporters.JUnitReportReporter -->
<testsuite skipped="0" hostname="DESKTOP-EJAULLU" name="com.testNG.priority" tests="3" failures="0" timestamp="2022-08-03T11:35:46 IST" time="0.016" errors="0">
  <testcase name="color" time="0.016" classname="com.testNG.priority"/>
  <system-out/>
  <testcase name="model" time="0.000" classname="com.testNG.priority"/>
  <system-out/>
  <testcase name="car" time="0.000" classname="com.testNG.priority"/>
  <system-out/>
</testsuite> <!-- com.testNG.priority -->
