<?xml version="1.0" encoding="UTF-8"?>
<!-- Generated by org.testng.reporters.JUnitReportReporter -->
<testsuite skipped="1" hostname="DESKTOP-EJAULLU" name="com.testNG.ignore" tests="2" failures="0" timestamp="2022-08-03T11:47:58 IST" time="0.016" errors="0">
  <testcase name="model" time="0.016" classname="com.testNG.ignore"/>
  <system-out/>
  <testcase name="car" classname="com.testNG.ignore">
    <skipped/>
  </testcase> <!-- car -->
  <system-out/>
</testsuite> <!-- com.testNG.ignore -->
