<?xml version="1.0" encoding="UTF-8"?>
<!-- Generated by org.testng.reporters.JUnitReportReporter -->
<testsuite skipped="0" hostname="DESKTOP-EJAULLU" name="com.testNG.Annotations" tests="1" failures="0" timestamp="2022-08-03T11:30:52 IST" time="0.000" errors="0">
  <testcase name="password" time="0.000" classname="com.testNG.Annotations"/>
  <system-out/>
</testsuite> <!-- com.testNG.Annotations -->
