<?xml version="1.0" encoding="UTF-8"?>
<!-- Generated by org.testng.reporters.JUnitReportReporter -->
<testsuite skipped="0" hostname="DESKTOP-EJAULLU" name="com.testNG.MethodGrouping" tests="6" failures="0" timestamp="2022-08-03T13:29:08 IST" time="0.019" errors="0">
  <testcase name="English" time="0.001" classname="com.testNG.MethodGrouping"/>
  <system-out/>
  <testcase name="name" time="0.002" classname="com.testNG.MethodGrouping"/>
  <system-out/>
  <testcase name="Football" time="0.002" classname="com.testNG.MethodGrouping"/>
  <system-out/>
  <testcase name="Cricket" time="0.011" classname="com.testNG.MethodGrouping"/>
  <system-out/>
  <testcase name="Maths" time="0.001" classname="com.testNG.MethodGrouping"/>
  <system-out/>
  <testcase name="DOB" time="0.002" classname="com.testNG.MethodGrouping"/>
  <system-out/>
</testsuite> <!-- com.testNG.MethodGrouping -->
