<?xml version="1.0" encoding="UTF-8"?>
<!-- Generated by org.testng.reporters.JUnitReportReporter -->
<testsuite skipped="0" hostname="DESKTOP-EJAULLU" name="com.testNG.Parameterized" tests="1" failures="0" timestamp="2022-08-03T12:26:50 IST" time="0.016" errors="0">
  <testcase name="credentials" time="0.016" classname="com.testNG.Parameterized"/>
  <system-out/>
</testsuite> <!-- com.testNG.Parameterized -->
