<?xml version="1.0" encoding="UTF-8"?>
<!-- Generated by org.testng.reporters.JUnitReportReporter -->
<testsuite skipped="0" hostname="DESKTOP-EJAULLU" name="com.testNG.InvocationCountTest" tests="7" failures="0" timestamp="2022-08-03T11:53:20 IST" time="0.036" errors="0">
  <testcase name="Aeroplane" time="0.000" classname="com.testNG.InvocationCountTest"/>
  <system-out/>
  <testcase name="car" time="0.000" classname="com.testNG.InvocationCountTest"/>
  <system-out/>
  <testcase name="Aeroplane" time="0.000" classname="com.testNG.InvocationCountTest"/>
  <system-out/>
  <testcase name="bike" time="0.015" classname="com.testNG.InvocationCountTest"/>
  <system-out/>
  <testcase name="Aeroplane" time="0.021" classname="com.testNG.InvocationCountTest"/>
  <system-out/>
  <testcase name="car" time="0.000" classname="com.testNG.InvocationCountTest"/>
  <system-out/>
  <testcase name="Aeroplane" time="0.000" classname="com.testNG.InvocationCountTest"/>
  <system-out/>
</testsuite> <!-- com.testNG.InvocationCountTest -->
