<?xml version="1.0" encoding="UTF-8"?>
<!-- Generated by org.testng.reporters.JUnitReportReporter -->
<testsuite skipped="0" hostname="DESKTOP-EJAULLU" name="com.testNG.SimpleAnnotation" tests="3" failures="0" timestamp="2022-08-03T11:29:30 IST" time="0.015" errors="0">
  <testcase name="color" time="0.000" classname="com.testNG.SimpleAnnotation"/>
  <system-out/>
  <testcase name="car" time="0.015" classname="com.testNG.SimpleAnnotation"/>
  <system-out/>
  <testcase name="model" time="0.000" classname="com.testNG.SimpleAnnotation"/>
  <system-out/>
</testsuite> <!-- com.testNG.SimpleAnnotation -->
