<?xml version="1.0" encoding="UTF-8"?>
<!-- Generated by org.testng.reporters.JUnitReportReporter -->
<testsuite skipped="0" hostname="DESKTOP-EJAULLU" name="com.testNG.SoftAssert" tests="1" failures="0" timestamp="2022-08-03T13:45:24 IST" time="0.017" errors="0">
  <testcase name="demo3" time="0.017" classname="com.testNG.SoftAssert"/>
  <system-out/>
</testsuite> <!-- com.testNG.SoftAssert -->
