<?xml version="1.0" encoding="UTF-8"?>
<!-- Generated by org.testng.reporters.JUnitReportReporter -->
<testsuite skipped="0" hostname="DESKTOP-EJAULLU" name="com.testNG.ParallelTest" tests="2" failures="0" timestamp="2022-08-03T12:05:50 IST" time="15.251" errors="0">
  <testcase name="Amazon" time="6.878" classname="com.testNG.ParallelTest"/>
  <system-out/>
  <testcase name="flipkart" time="8.373" classname="com.testNG.ParallelTest"/>
  <system-out/>
</testsuite> <!-- com.testNG.ParallelTest -->
